Using pre-set license
Built from '2020.3/staging' branch; Version is '2020.3.20f1 (41c4e627c95f) revision 4310246'; Using compiler version '192528614'; Build Type 'Release'
OS: 'Windows 10 Pro N; OS build 19042.1237; Version 2009; 64bit' Language: 'en' Physical Memory: 24468 MB
BatchMode: 1, IsHumanControllingUs: 0, StartBugReporterOnCrash: 0, Is64bit: 1, IsPro: 0

COMMAND LINE ARGUMENTS:
C:\Program Files\Unity\Hub\Editor\2020.3.20f1\Editor\Unity.exe
-adb2
-batchMode
-noUpm
-name
AssetImportWorker0
-projectPath
B:/APPS/Unity Projects/Metroid LP/My project
-logFile
Logs/AssetImportWorker0.log
-srvPort
62248
Successfully changed project path to: B:/APPS/Unity Projects/Metroid LP/My project
B:/APPS/Unity Projects/Metroid LP/My project
Using Asset Import Pipeline V2.
Refreshing native plugins compatible for Editor in 1079.76 ms, found 2 plugins.
Preloading 0 native plugins for Editor in 0.00 ms.
Initialize engine version: 2020.3.20f1 (41c4e627c95f)
[Subsystems] Discovering subsystems at path C:/Program Files/Unity/Hub/Editor/2020.3.20f1/Editor/Data/Resources/UnitySubsystems
[Subsystems] Discovering subsystems at path B:/APPS/Unity Projects/Metroid LP/My project/Assets
GfxDevice: creating device client; threaded=0
Direct3D:
    Version:  Direct3D 11.0 [level 11.1]
    Renderer: NVIDIA GeForce GTX 1050 (ID=0x1c8d)
    Vendor:   
    VRAM:     4021 MB
    Driver:   27.21.14.6172
Initialize mono
Mono path[0] = 'C:/Program Files/Unity/Hub/Editor/2020.3.20f1/Editor/Data/Managed'
Mono path[1] = 'C:/Program Files/Unity/Hub/Editor/2020.3.20f1/Editor/Data/MonoBleedingEdge/lib/mono/unityjit'
Mono config path = 'C:/Program Files/Unity/Hub/Editor/2020.3.20f1/Editor/Data/MonoBleedingEdge/etc'
Using monoOptions --debugger-agent=transport=dt_socket,embedding=1,server=y,suspend=n,address=127.0.0.1:56528
Begin MonoManager ReloadAssembly
Registering precompiled unity dll's ...
Register platform support module: C:/Program Files/Unity/Hub/Editor/2020.3.20f1/Editor/Data/PlaybackEngines/WindowsStandaloneSupport/UnityEditor.WindowsStandalone.Extensions.dll
Registered in 0.002461 seconds.
Native extension for WindowsStandalone target not found
Refreshing native plugins compatible for Editor in 102.91 ms, found 2 plugins.
Preloading 0 native plugins for Editor in 0.00 ms.
Mono: successfully reloaded assembly
- Completed reload, in  5.924 seconds
Domain Reload Profiling:
	ReloadAssembly (5924ms)
		BeginReloadAssembly (2824ms)
			ExecutionOrderSort (0ms)
			DisableScriptedObjects (0ms)
			BackupInstance (0ms)
			ReleaseScriptingObjects (0ms)
			CreateAndSetChildDomain (9ms)
		EndReloadAssembly (1825ms)
			LoadAssemblies (2806ms)
			RebuildTransferFunctionScriptingTraits (1ms)
			SetupTypeCache (185ms)
			ReleaseScriptCaches (0ms)
			RebuildScriptCaches (35ms)
			SetupLoadedEditorAssemblies (246ms)
				LogAssemblyErrors (0ms)
				InitializePlatformSupportModulesInManaged (4ms)
				SetLoadedEditorAssemblies (0ms)
				RefreshPlugins (103ms)
				BeforeProcessingInitializeOnLoad (13ms)
				ProcessInitializeOnLoadAttributes (94ms)
				ProcessInitializeOnLoadMethodAttributes (31ms)
				AfterProcessingInitializeOnLoad (0ms)
				EditorAssembliesLoaded (0ms)
			ExecutionOrderSort2 (0ms)
			AwakeInstancesAfterBackupRestoration (0ms)
Platform modules already initialized, skipping
Registering precompiled user dll's ...
Registered in 0.003274 seconds.
Begin MonoManager ReloadAssembly
Native extension for WindowsStandalone target not found
Refreshing native plugins compatible for Editor in 148.73 ms, found 2 plugins.
Preloading 0 native plugins for Editor in 0.00 ms.
Mono: successfully reloaded assembly
- Completed reload, in  2.404 seconds
Domain Reload Profiling:
	ReloadAssembly (2406ms)
		BeginReloadAssembly (455ms)
			ExecutionOrderSort (0ms)
			DisableScriptedObjects (10ms)
			BackupInstance (0ms)
			ReleaseScriptingObjects (0ms)
			CreateAndSetChildDomain (47ms)
		EndReloadAssembly (1752ms)
			LoadAssemblies (246ms)
			RebuildTransferFunctionScriptingTraits (0ms)
			SetupTypeCache (479ms)
			ReleaseScriptCaches (1ms)
			RebuildScriptCaches (101ms)
			SetupLoadedEditorAssemblies (859ms)
				LogAssemblyErrors (0ms)
				InitializePlatformSupportModulesInManaged (5ms)
				SetLoadedEditorAssemblies (0ms)
				RefreshPlugins (149ms)
				BeforeProcessingInitializeOnLoad (138ms)
				ProcessInitializeOnLoadAttributes (384ms)
				ProcessInitializeOnLoadMethodAttributes (172ms)
				AfterProcessingInitializeOnLoad (11ms)
				EditorAssembliesLoaded (0ms)
			ExecutionOrderSort2 (0ms)
			AwakeInstancesAfterBackupRestoration (8ms)
Platform modules already initialized, skipping
========================================================================
Worker process is ready to serve import requests
Launched and connected shader compiler UnityShaderCompiler.exe after 0.09 seconds
Refreshing native plugins compatible for Editor in 1.05 ms, found 2 plugins.
Preloading 0 native plugins for Editor in 0.00 ms.
Unloading 4082 Unused Serialized files (Serialized files now loaded: 0)
System memory in use before: 191.9 MB.
System memory in use after: 192.1 MB.

Unloading 20 unused Assets to reduce memory usage. Loaded Objects now: 4535.
Total: 5.347700 ms (FindLiveObjects: 0.449900 ms CreateObjectMapping: 0.339200 ms MarkObjects: 4.479300 ms  DeleteObjects: 0.077600 ms)

AssetImportParameters requested are different than current active one (requested -> active):
  custom:framework-win-MediaFoundation: 216162199b28c13a410421893ffa2e32 -> 
  custom:video-decoder-ogg-theora: a1e56fd34408186e4bbccfd4996cb3dc -> 
  custom:container-muxer-webm: aa71ff27fc2769a1b78a27578f13a17b -> 
  custom:container-demuxer-webm: 4f35f7cbe854078d1ac9338744f61a02 -> 
  custom:container-demuxer-ogg: 62fdf1f143b41e24485cea50d1cbac27 -> 
  custom:video-encoder-webm-vp8: eb34c28f22e8b96e1ab97ce403110664 -> 
  custom:video-decoder-webm-vp8: 9c59270c3fd7afecdb556c50c9e8de78 -> 
  custom:audio-decoder-ogg-vorbis: bf7c407c2cedff20999df2af8eb42d56 -> 
  custom:audio-encoder-webm-vorbis: bf7c407c2cedff20999df2af8eb42d56 -> 
========================================================================
Received Import Request.
  path: Assets/SampleSceneAssets/TutorialInfo/Readme.asset
  artifactKey: Guid(83c2ed844a8c74b779a4c823d16594b1) Importer(815301076,1909f56bfc062723c751e8b465ee728b)
Start importing Assets/SampleSceneAssets/TutorialInfo/Readme.asset using Guid(83c2ed844a8c74b779a4c823d16594b1) Importer(815301076,1909f56bfc062723c751e8b465ee728b)  -> (artifact id: '2f526ef3cb39c3e098b46d739acdfcb0') in 0.058405 seconds 
  Import took 0.068922 seconds .

========================================================================
Received Prepare
Registering precompiled user dll's ...
Registered in 0.003774 seconds.
Begin MonoManager ReloadAssembly
Native extension for WindowsStandalone target not found
Refreshing native plugins compatible for Editor in 0.74 ms, found 2 plugins.
Preloading 0 native plugins for Editor in 0.00 ms.
Mono: successfully reloaded assembly
- Completed reload, in  1.411 seconds
Domain Reload Profiling:
	ReloadAssembly (1411ms)
		BeginReloadAssembly (171ms)
			ExecutionOrderSort (0ms)
			DisableScriptedObjects (5ms)
			BackupInstance (0ms)
			ReleaseScriptingObjects (0ms)
			CreateAndSetChildDomain (53ms)
		EndReloadAssembly (1174ms)
			LoadAssemblies (108ms)
			RebuildTransferFunctionScriptingTraits (0ms)
			SetupTypeCache (410ms)
			ReleaseScriptCaches (2ms)
			RebuildScriptCaches (67ms)
			SetupLoadedEditorAssemblies (413ms)
				LogAssemblyErrors (0ms)
				InitializePlatformSupportModulesInManaged (4ms)
				SetLoadedEditorAssemblies (0ms)
				RefreshPlugins (1ms)
				BeforeProcessingInitializeOnLoad (114ms)
				ProcessInitializeOnLoadAttributes (278ms)
				ProcessInitializeOnLoadMethodAttributes (8ms)
				AfterProcessingInitializeOnLoad (7ms)
				EditorAssembliesLoaded (0ms)
			ExecutionOrderSort2 (0ms)
			AwakeInstancesAfterBackupRestoration (16ms)
Platform modules already initialized, skipping
Refreshing native plugins compatible for Editor in 0.77 ms, found 2 plugins.
Preloading 0 native plugins for Editor in 0.00 ms.
Unloading 3800 Unused Serialized files (Serialized files now loaded: 0)
System memory in use before: 177.0 MB.
System memory in use after: 177.2 MB.

Unloading 13 unused Assets to reduce memory usage. Loaded Objects now: 4537.
Total: 4.885700 ms (FindLiveObjects: 0.404500 ms CreateObjectMapping: 0.291900 ms MarkObjects: 4.119300 ms  DeleteObjects: 0.068500 ms)

AssetImportParameters requested are different than current active one (requested -> active):
  custom:framework-win-MediaFoundation: 216162199b28c13a410421893ffa2e32 -> 
  custom:video-decoder-ogg-theora: a1e56fd34408186e4bbccfd4996cb3dc -> 
  custom:container-muxer-webm: aa71ff27fc2769a1b78a27578f13a17b -> 
  custom:container-demuxer-webm: 4f35f7cbe854078d1ac9338744f61a02 -> 
  custom:container-demuxer-ogg: 62fdf1f143b41e24485cea50d1cbac27 -> 
  custom:video-encoder-webm-vp8: eb34c28f22e8b96e1ab97ce403110664 -> 
  custom:video-decoder-webm-vp8: 9c59270c3fd7afecdb556c50c9e8de78 -> 
  custom:audio-decoder-ogg-vorbis: bf7c407c2cedff20999df2af8eb42d56 -> 
  custom:audio-encoder-webm-vorbis: bf7c407c2cedff20999df2af8eb42d56 -> 
========================================================================
Received Import Request.
  Time since last request: 487.438165 seconds.
  path: Assets/SampleSceneAssets/Materials
  artifactKey: Guid(d2f531f5d83256a4bae958b795984094) Importer(815301076,1909f56bfc062723c751e8b465ee728b)
Start importing Assets/SampleSceneAssets/Materials using Guid(d2f531f5d83256a4bae958b795984094) Importer(815301076,1909f56bfc062723c751e8b465ee728b)  -> (artifact id: '9ef826e546fa9c29c6bbb4f0386a8c10') in 0.012732 seconds 
  Import took 0.019981 seconds .

========================================================================
Received Import Request.
  Time since last request: 0.799645 seconds.
  path: Assets/SampleSceneAssets/Animations
  artifactKey: Guid(a083f9776c2650d4c8b1058f9506505d) Importer(815301076,1909f56bfc062723c751e8b465ee728b)
Start importing Assets/SampleSceneAssets/Animations using Guid(a083f9776c2650d4c8b1058f9506505d) Importer(815301076,1909f56bfc062723c751e8b465ee728b)  -> (artifact id: '53d15ad217084959feebd16f4c372208') in 0.011506 seconds 
  Import took 0.021528 seconds .

========================================================================
Received Import Request.
  Time since last request: 0.040249 seconds.
  path: Assets/SampleSceneAssets/Animations/CinematicsTimeline.playable
  artifactKey: Guid(5a54d61bc58f43341aa47f398b54ed14) Importer(815301076,1909f56bfc062723c751e8b465ee728b)
Start importing Assets/SampleSceneAssets/Animations/CinematicsTimeline.playable using Guid(5a54d61bc58f43341aa47f398b54ed14) Importer(815301076,1909f56bfc062723c751e8b465ee728b)  -> (artifact id: 'b5a8181b523d344d5a1f91c251b2be91') in 0.046755 seconds 
  Import took 0.056028 seconds .

========================================================================
Received Import Request.
  Time since last request: 0.000320 seconds.
  path: Assets/SampleSceneAssets/Animations/ScreenshotsTimeline.playable
  artifactKey: Guid(a68e4ad89ad65c04981239cc0044a707) Importer(815301076,1909f56bfc062723c751e8b465ee728b)
Start importing Assets/SampleSceneAssets/Animations/ScreenshotsTimeline.playable using Guid(a68e4ad89ad65c04981239cc0044a707) Importer(815301076,1909f56bfc062723c751e8b465ee728b)  -> (artifact id: '99450a4a61759f2b9735fe7b2e4877da') in 0.020627 seconds 
  Import took 0.029657 seconds .

========================================================================
Received Import Request.
  Time since last request: 4.559019 seconds.
  path: Assets/SampleSceneAssets/Materials/General
  artifactKey: Guid(1de836dbad915f04784a815ead4ffc54) Importer(815301076,1909f56bfc062723c751e8b465ee728b)
Start importing Assets/SampleSceneAssets/Materials/General using Guid(1de836dbad915f04784a815ead4ffc54) Importer(815301076,1909f56bfc062723c751e8b465ee728b)  -> (artifact id: 'f5d7ed64ed79c58b6df053f54e9c5e0c') in 0.014375 seconds 
  Import took 0.024302 seconds .

========================================================================
Received Import Request.
  Time since last request: 0.034655 seconds.
  path: Assets/SampleSceneAssets/Materials/General/Aluminium_Mat.mat
  artifactKey: Guid(7e2338eeff7d3b0439250086f961228b) Importer(815301076,1909f56bfc062723c751e8b465ee728b)
Start importing Assets/SampleSceneAssets/Materials/General/Aluminium_Mat.mat using Guid(7e2338eeff7d3b0439250086f961228b) Importer(815301076,1909f56bfc062723c751e8b465ee728b)  -> (artifact id: '82dffef57e5d3b4b53a0799b3b2f8e70') in 3.195467 seconds 
  Import took 3.205015 seconds .

========================================================================
Received Import Request.
  Time since last request: 0.000195 seconds.
  path: Assets/SampleSceneAssets/Materials/General/WoodLight_Mat.mat
  artifactKey: Guid(4e5d77e737d61bc4582d0aff8c34e9ee) Importer(815301076,1909f56bfc062723c751e8b465ee728b)
Start importing Assets/SampleSceneAssets/Materials/General/WoodLight_Mat.mat using Guid(4e5d77e737d61bc4582d0aff8c34e9ee) Importer(815301076,1909f56bfc062723c751e8b465ee728b)  -> (artifact id: 'f8f8d0d6f7283c629cc5d3a37b5643d4') in 0.491862 seconds 
  Import took 0.500555 seconds .

========================================================================
Received Import Request.
  Time since last request: 0.000177 seconds.
  path: Assets/SampleSceneAssets/Materials/General/ConcreteSmooth_Mat.mat
  artifactKey: Guid(975c89d1f9e67f24a88b46d50fc95a09) Importer(815301076,1909f56bfc062723c751e8b465ee728b)
Start importing Assets/SampleSceneAssets/Materials/General/ConcreteSmooth_Mat.mat using Guid(975c89d1f9e67f24a88b46d50fc95a09) Importer(815301076,1909f56bfc062723c751e8b465ee728b)  -> (artifact id: 'b80207d0a88bd0158f31393df552aac2') in 0.489580 seconds 
  Import took 0.500201 seconds .

========================================================================
Received Import Request.
  Time since last request: 0.000273 seconds.
  path: Assets/SampleSceneAssets/Materials/General/GlassDirt_Mat.mat
  artifactKey: Guid(cb70645871dc2f74981c86ec014a1cdf) Importer(815301076,1909f56bfc062723c751e8b465ee728b)
Start importing Assets/SampleSceneAssets/Materials/General/GlassDirt_Mat.mat using Guid(cb70645871dc2f74981c86ec014a1cdf) Importer(815301076,1909f56bfc062723c751e8b465ee728b)  -> (artifact id: '9a7a43595ad830378eb7d4c8c2275d3f') in 0.049573 seconds 
  Import took 0.056934 seconds .

========================================================================
Received Import Request.
  Time since last request: 0.000289 seconds.
  path: Assets/SampleSceneAssets/Materials/General/WallDirt_Mat.mat
  artifactKey: Guid(695771bab024a834dbb2756b86ed03ef) Importer(815301076,1909f56bfc062723c751e8b465ee728b)
Start importing Assets/SampleSceneAssets/Materials/General/WallDirt_Mat.mat using Guid(695771bab024a834dbb2756b86ed03ef) Importer(815301076,1909f56bfc062723c751e8b465ee728b)  -> (artifact id: 'cf4a637c4fcbaeca64460c2cd7fff456') in 0.049543 seconds 
  Import took 0.058336 seconds .

========================================================================
Received Import Request.
  Time since last request: 0.000293 seconds.
  path: Assets/SampleSceneAssets/Materials/General/Rock_A.mat
  artifactKey: Guid(5d53f2d3d2871cc40bfce7f567098cbe) Importer(815301076,1909f56bfc062723c751e8b465ee728b)
Start importing Assets/SampleSceneAssets/Materials/General/Rock_A.mat using Guid(5d53f2d3d2871cc40bfce7f567098cbe) Importer(815301076,1909f56bfc062723c751e8b465ee728b)  -> (artifact id: 'd653e2002228da22d23a21a4857e47e9') in 0.046441 seconds 
  Import took 0.057163 seconds .

========================================================================
Received Import Request.
  Time since last request: 0.000181 seconds.
  path: Assets/SampleSceneAssets/Materials/General/DecalWearDark_Mat.mat
  artifactKey: Guid(b1441bdf13e2e4c43a6f92783fe4adef) Importer(815301076,1909f56bfc062723c751e8b465ee728b)
Start importing Assets/SampleSceneAssets/Materials/General/DecalWearDark_Mat.mat using Guid(b1441bdf13e2e4c43a6f92783fe4adef) Importer(815301076,1909f56bfc062723c751e8b465ee728b)  -> (artifact id: '1542112cfd75ec009dda99e4bed38102') in 0.042529 seconds 
  Import took 0.051418 seconds .

========================================================================
Received Import Request.
  Time since last request: 0.000179 seconds.
  path: Assets/SampleSceneAssets/Materials/General/WoodCounter_Mat.mat
  artifactKey: Guid(ad7596f0acaeee94e94ebedeb6de1a3c) Importer(815301076,1909f56bfc062723c751e8b465ee728b)
Start importing Assets/SampleSceneAssets/Materials/General/WoodCounter_Mat.mat using Guid(ad7596f0acaeee94e94ebedeb6de1a3c) Importer(815301076,1909f56bfc062723c751e8b465ee728b)  -> (artifact id: '3bb5955de746a87b219ba3e8fd3e008a') in 0.038067 seconds 
  Import took 0.047349 seconds .

========================================================================
Received Import Request.
  Time since last request: 0.000166 seconds.
  path: Assets/SampleSceneAssets/Materials/General/EmissiveBulb_Mat.mat
  artifactKey: Guid(82f22cfcd3162714f97430d3043d810f) Importer(815301076,1909f56bfc062723c751e8b465ee728b)
Start importing Assets/SampleSceneAssets/Materials/General/EmissiveBulb_Mat.mat using Guid(82f22cfcd3162714f97430d3043d810f) Importer(815301076,1909f56bfc062723c751e8b465ee728b)  -> (artifact id: '7939da58b7a1c226a72baa1702e84601') in 0.413582 seconds 
  Import took 0.421149 seconds .

========================================================================
Received Import Request.
  Time since last request: 0.000332 seconds.
  path: Assets/SampleSceneAssets/Materials/General/ShadowProxy_Mat.mat
  artifactKey: Guid(fdb87632bd4c94846b3d79e685010e46) Importer(815301076,1909f56bfc062723c751e8b465ee728b)
Start importing Assets/SampleSceneAssets/Materials/General/ShadowProxy_Mat.mat using Guid(fdb87632bd4c94846b3d79e685010e46) Importer(815301076,1909f56bfc062723c751e8b465ee728b)  -> (artifact id: '264ae74277520ec8ff32b8a06560ee3f') in 0.040239 seconds 
  Import took 0.047525 seconds .

========================================================================
Received Import Request.
  Time since last request: 0.000339 seconds.
  path: Assets/SampleSceneAssets/Materials/General/GlassDark_Mat.mat
  artifactKey: Guid(51396a457ace7ca459c474a7d7ed6ceb) Importer(815301076,1909f56bfc062723c751e8b465ee728b)
Start importing Assets/SampleSceneAssets/Materials/General/GlassDark_Mat.mat using Guid(51396a457ace7ca459c474a7d7ed6ceb) Importer(815301076,1909f56bfc062723c751e8b465ee728b)  -> (artifact id: 'b24711e63b67cabaef7154eefe72f0d3') in 0.052990 seconds 
  Import took 0.062103 seconds .

========================================================================
Received Import Request.
  Time since last request: 0.000222 seconds.
  path: Assets/SampleSceneAssets/Materials/General/Drain_Mat.mat
  artifactKey: Guid(25ff1792fc2d80b4789c32a4c61e65bf) Importer(815301076,1909f56bfc062723c751e8b465ee728b)
Start importing Assets/SampleSceneAssets/Materials/General/Drain_Mat.mat using Guid(25ff1792fc2d80b4789c32a4c61e65bf) Importer(815301076,1909f56bfc062723c751e8b465ee728b)  -> (artifact id: '8022508ae5e803809aa22b58e79e76f8') in 0.411366 seconds 
  Import took 0.418441 seconds .

========================================================================
Received Import Request.
  Time since last request: 0.000268 seconds.
  path: Assets/SampleSceneAssets/Materials/General/EmissiveStripLight_Mat.mat
  artifactKey: Guid(fb7b7efa023634c43844d5df813fe6a8) Importer(815301076,1909f56bfc062723c751e8b465ee728b)
Start importing Assets/SampleSceneAssets/Materials/General/EmissiveStripLight_Mat.mat using Guid(fb7b7efa023634c43844d5df813fe6a8) Importer(815301076,1909f56bfc062723c751e8b465ee728b)  -> (artifact id: 'dc1ce41f5a9aa0a897c0c9b7300a0c8d') in 0.036263 seconds 
  Import took 0.043431 seconds .

========================================================================
Received Import Request.
  Time since last request: 0.000259 seconds.
  path: Assets/SampleSceneAssets/Materials/General/Bamboo_A.mat
  artifactKey: Guid(fff7b0d103b7de54f810338cd8c6d44a) Importer(815301076,1909f56bfc062723c751e8b465ee728b)
Start importing Assets/SampleSceneAssets/Materials/General/Bamboo_A.mat using Guid(fff7b0d103b7de54f810338cd8c6d44a) Importer(815301076,1909f56bfc062723c751e8b465ee728b)  -> (artifact id: '37e6b53b85f64dfed39e3a5f08b213b3') in 0.780634 seconds 
  Import took 0.787976 seconds .

========================================================================
Received Import Request.
  Time since last request: 0.000329 seconds.
  path: Assets/SampleSceneAssets/Materials/General/MetalBlack_Mat.mat
  artifactKey: Guid(c9af0dbe88854d64aa8e276b41a10462) Importer(815301076,1909f56bfc062723c751e8b465ee728b)
Start importing Assets/SampleSceneAssets/Materials/General/MetalBlack_Mat.mat using Guid(c9af0dbe88854d64aa8e276b41a10462) Importer(815301076,1909f56bfc062723c751e8b465ee728b)  -> (artifact id: 'd804f6fafcf4dcb25bc4caf15f5feaec') in 0.500014 seconds 
  Import took 0.507475 seconds .

========================================================================
Received Import Request.
  Time since last request: 0.000342 seconds.
  path: Assets/SampleSceneAssets/Materials/General/ConcreteTaupe_Mat.mat
  artifactKey: Guid(8803ecc3c0ada6f48bbd21e716f8522b) Importer(815301076,1909f56bfc062723c751e8b465ee728b)
Start importing Assets/SampleSceneAssets/Materials/General/ConcreteTaupe_Mat.mat using Guid(8803ecc3c0ada6f48bbd21e716f8522b) Importer(815301076,1909f56bfc062723c751e8b465ee728b)  -> (artifact id: '32c772c0e0070c2af60ba9f628f9e09e') in 0.041670 seconds 
  Import took 0.050469 seconds .

========================================================================
Received Import Request.
  Time since last request: 0.000454 seconds.
  path: Assets/SampleSceneAssets/Materials/General/Collision_Mat.mat
  artifactKey: Guid(a7f9b9f3a7ec88a42bcdef7463ccbffe) Importer(815301076,1909f56bfc062723c751e8b465ee728b)
Start importing Assets/SampleSceneAssets/Materials/General/Collision_Mat.mat using Guid(a7f9b9f3a7ec88a42bcdef7463ccbffe) Importer(815301076,1909f56bfc062723c751e8b465ee728b)  -> (artifact id: '1e29b8e52e0138ebe5ab86bf18d86705') in 0.627902 seconds 
  Import took 0.636331 seconds .

========================================================================
Received Import Request.
  Time since last request: 0.000338 seconds.
  path: Assets/SampleSceneAssets/Materials/General/Fabric_Mat.mat
  artifactKey: Guid(d7e92d5116171344ba594f9d547cd085) Importer(815301076,1909f56bfc062723c751e8b465ee728b)
Start importing Assets/SampleSceneAssets/Materials/General/Fabric_Mat.mat using Guid(d7e92d5116171344ba594f9d547cd085) Importer(815301076,1909f56bfc062723c751e8b465ee728b)  -> (artifact id: '8b8a716aab42c83581d25180c473e506') in 0.087633 seconds 
  Import took 0.094780 seconds .

========================================================================
Received Import Request.
  Time since last request: 0.000327 seconds.
  path: Assets/SampleSceneAssets/Materials/General/Rubber_Mat.mat
  artifactKey: Guid(1029b38bdee65ba4482ab14d2b7a9f04) Importer(815301076,1909f56bfc062723c751e8b465ee728b)
Start importing Assets/SampleSceneAssets/Materials/General/Rubber_Mat.mat using Guid(1029b38bdee65ba4482ab14d2b7a9f04) Importer(815301076,1909f56bfc062723c751e8b465ee728b)  -> (artifact id: '051f9fc19fe4a6190e7af0b3727f420d') in 0.042770 seconds 
  Import took 0.051049 seconds .

========================================================================
Received Import Request.
  Time since last request: 0.000353 seconds.
  path: Assets/SampleSceneAssets/Materials/General/ConcreteHoles_Mat.mat
  artifactKey: Guid(cf59b8132f6cd2f49b8924afeed7674b) Importer(815301076,1909f56bfc062723c751e8b465ee728b)
Start importing Assets/SampleSceneAssets/Materials/General/ConcreteHoles_Mat.mat using Guid(cf59b8132f6cd2f49b8924afeed7674b) Importer(815301076,1909f56bfc062723c751e8b465ee728b)  -> (artifact id: 'fce6e15941c72bf5d3969552e73d70c1') in 0.045713 seconds 
  Import took 0.053080 seconds .

========================================================================
Received Import Request.
  Time since last request: 0.000266 seconds.
  path: Assets/SampleSceneAssets/Materials/General/Brass_Mat.mat
  artifactKey: Guid(51715d426647c0a469aa54fd0d386aa6) Importer(815301076,1909f56bfc062723c751e8b465ee728b)
Start importing Assets/SampleSceneAssets/Materials/General/Brass_Mat.mat using Guid(51715d426647c0a469aa54fd0d386aa6) Importer(815301076,1909f56bfc062723c751e8b465ee728b)  -> (artifact id: '95a1c847f2717db77c1ea56f2d871fcb') in 0.504991 seconds 
  Import took 0.513415 seconds .

========================================================================
Received Import Request.
  Time since last request: 0.000330 seconds.
  path: Assets/SampleSceneAssets/Materials/General/ConcreteMatteGrey_Mat.mat
  artifactKey: Guid(f042a9897837021468ecfcb204be998e) Importer(815301076,1909f56bfc062723c751e8b465ee728b)
Start importing Assets/SampleSceneAssets/Materials/General/ConcreteMatteGrey_Mat.mat using Guid(f042a9897837021468ecfcb204be998e) Importer(815301076,1909f56bfc062723c751e8b465ee728b)  -> (artifact id: '1ad84e8a01b121f90fd7bf72b0b5c268') in 0.043675 seconds 
  Import took 0.051291 seconds .

========================================================================
Received Import Request.
  Time since last request: 0.000349 seconds.
  path: Assets/SampleSceneAssets/Materials/General/Fern_01_Mat.mat
  artifactKey: Guid(41b4ab126d0398d4a82ef0abf15e1226) Importer(815301076,1909f56bfc062723c751e8b465ee728b)
Start importing Assets/SampleSceneAssets/Materials/General/Fern_01_Mat.mat using Guid(41b4ab126d0398d4a82ef0abf15e1226) Importer(815301076,1909f56bfc062723c751e8b465ee728b)  -> (artifact id: 'f4f80316d58f10ca95781f659315a74b') in 0.483834 seconds 
  Import took 0.492356 seconds .

========================================================================
Received Import Request.
  Time since last request: 0.000368 seconds.
  path: Assets/SampleSceneAssets/Materials/General/Bush_01_Mat.mat
  artifactKey: Guid(c8ff19ec299458747b23b805b74ed9a1) Importer(815301076,1909f56bfc062723c751e8b465ee728b)
Start importing Assets/SampleSceneAssets/Materials/General/Bush_01_Mat.mat using Guid(c8ff19ec299458747b23b805b74ed9a1) Importer(815301076,1909f56bfc062723c751e8b465ee728b)  -> (artifact id: '20d0400288665ffb6b7e535dba1ca097') in 0.480779 seconds 
  Import took 0.487694 seconds .

========================================================================
Received Import Request.
  Time since last request: 0.000461 seconds.
  path: Assets/SampleSceneAssets/Materials/General/DecalPuddle_Mat.mat
  artifactKey: Guid(94d80f3e038421840941e22d06feee02) Importer(815301076,1909f56bfc062723c751e8b465ee728b)
Start importing Assets/SampleSceneAssets/Materials/General/DecalPuddle_Mat.mat using Guid(94d80f3e038421840941e22d06feee02) Importer(815301076,1909f56bfc062723c751e8b465ee728b)  -> (artifact id: '86341926bc53f7b5a66570832e75d2f6') in 0.036138 seconds 
  Import took 0.044505 seconds .

========================================================================
Received Import Request.
  Time since last request: 0.000386 seconds.
  path: Assets/SampleSceneAssets/Materials/General/SandblastMetal_Mat.mat
  artifactKey: Guid(2d17ebb7fe958ff4898d2c0cd1dddce9) Importer(815301076,1909f56bfc062723c751e8b465ee728b)
Start importing Assets/SampleSceneAssets/Materials/General/SandblastMetal_Mat.mat using Guid(2d17ebb7fe958ff4898d2c0cd1dddce9) Importer(815301076,1909f56bfc062723c751e8b465ee728b)  -> (artifact id: '2be0da22b280ff3b2e6e9175e74ae8e4') in 0.488111 seconds 
  Import took 0.497275 seconds .

========================================================================
Received Import Request.
  Time since last request: 0.000351 seconds.
  path: Assets/SampleSceneAssets/Materials/General/MarbleFlooring_Mat.mat
  artifactKey: Guid(b9229bd79b5265144b4b356915c17864) Importer(815301076,1909f56bfc062723c751e8b465ee728b)
Start importing Assets/SampleSceneAssets/Materials/General/MarbleFlooring_Mat.mat using Guid(b9229bd79b5265144b4b356915c17864) Importer(815301076,1909f56bfc062723c751e8b465ee728b)  -> (artifact id: '91535da09d0b8b2eef047e5f32944f1a') in 0.039941 seconds 
  Import took 0.048418 seconds .

========================================================================
Received Import Request.
  Time since last request: 0.000329 seconds.
  path: Assets/SampleSceneAssets/Materials/General/ConcretePolished_Mat.mat
  artifactKey: Guid(5948dbaa050aa8f488c46767a205e35d) Importer(815301076,1909f56bfc062723c751e8b465ee728b)
Start importing Assets/SampleSceneAssets/Materials/General/ConcretePolished_Mat.mat using Guid(5948dbaa050aa8f488c46767a205e35d) Importer(815301076,1909f56bfc062723c751e8b465ee728b)  -> (artifact id: '0b73e455439e2eab39731c496e2540b4') in 0.040455 seconds 
  Import took 0.049568 seconds .

========================================================================
Received Import Request.
  Time since last request: 0.000284 seconds.
  path: Assets/SampleSceneAssets/Materials/General/DecalWear_Mat.mat
  artifactKey: Guid(753df2e0125847048a1945118de016e9) Importer(815301076,1909f56bfc062723c751e8b465ee728b)
Start importing Assets/SampleSceneAssets/Materials/General/DecalWear_Mat.mat using Guid(753df2e0125847048a1945118de016e9) Importer(815301076,1909f56bfc062723c751e8b465ee728b)  -> (artifact id: '511164f3ced94ceb24e50f8ea5d1420e') in 0.037184 seconds 
  Import took 0.044996 seconds .

========================================================================
Received Import Request.
  Time since last request: 0.000260 seconds.
  path: Assets/SampleSceneAssets/Materials/General/Ground_Mat.mat
  artifactKey: Guid(80c783de8f9d2de49aa80661a4466819) Importer(815301076,1909f56bfc062723c751e8b465ee728b)
Start importing Assets/SampleSceneAssets/Materials/General/Ground_Mat.mat using Guid(80c783de8f9d2de49aa80661a4466819) Importer(815301076,1909f56bfc062723c751e8b465ee728b)  -> (artifact id: 'b3f41ed1378b06c4b3db2eba3f05272c') in 0.035755 seconds 
  Import took 0.044980 seconds .

========================================================================
Received Import Request.
  Time since last request: 0.000244 seconds.
  path: Assets/SampleSceneAssets/Materials/General/ConcreteCyan_Mat.mat
  artifactKey: Guid(6a4a9cd798f58bf419164a016513c59e) Importer(815301076,1909f56bfc062723c751e8b465ee728b)
Start importing Assets/SampleSceneAssets/Materials/General/ConcreteCyan_Mat.mat using Guid(6a4a9cd798f58bf419164a016513c59e) Importer(815301076,1909f56bfc062723c751e8b465ee728b)  -> (artifact id: 'b287ac96d49a4049f64d029fd35a40b0') in 0.036384 seconds 
  Import took 0.044415 seconds .

========================================================================
Received Import Request.
  Time since last request: 0.000262 seconds.
  path: Assets/SampleSceneAssets/Materials/General/Concrete_Edge_Decal.prefab
  artifactKey: Guid(4751770e0dc8c1149aa554360ae6087b) Importer(815301076,1909f56bfc062723c751e8b465ee728b)
Start importing Assets/SampleSceneAssets/Materials/General/Concrete_Edge_Decal.prefab using Guid(4751770e0dc8c1149aa554360ae6087b) Importer(815301076,1909f56bfc062723c751e8b465ee728b)  -> (artifact id: '8cc299814ad34fec02dc0145f2d20f96') in 0.022800 seconds 
  Import took 0.030826 seconds .

========================================================================
Received Import Request.
  Time since last request: 0.000278 seconds.
  path: Assets/SampleSceneAssets/Materials/General/Bamboo_Leaf_A.mat
  artifactKey: Guid(1ee01111bb691c348a61b9a5b38c8897) Importer(815301076,1909f56bfc062723c751e8b465ee728b)
Start importing Assets/SampleSceneAssets/Materials/General/Bamboo_Leaf_A.mat using Guid(1ee01111bb691c348a61b9a5b38c8897) Importer(815301076,1909f56bfc062723c751e8b465ee728b)  -> (artifact id: '676661cc1f70fddaac953c9f5ec0b9e2') in 0.565948 seconds 
  Import took 0.573100 seconds .

========================================================================
Received Import Request.
  Time since last request: 0.000327 seconds.
  path: Assets/SampleSceneAssets/Materials/General/Plant_C.mat
  artifactKey: Guid(e7da2788c96349246a9b40abfc02f83f) Importer(815301076,1909f56bfc062723c751e8b465ee728b)
Start importing Assets/SampleSceneAssets/Materials/General/Plant_C.mat using Guid(e7da2788c96349246a9b40abfc02f83f) Importer(815301076,1909f56bfc062723c751e8b465ee728b)  -> (artifact id: 'cfbe692bbeaa2c8d9719bde9cb0a2175') in 0.035500 seconds 
  Import took 0.043023 seconds .

========================================================================
Received Import Request.
  Time since last request: 0.000292 seconds.
  path: Assets/SampleSceneAssets/Materials/General/ConcreteRough_Mat.mat
  artifactKey: Guid(2d5eb5266d7bdbf49a5a251d8dcecbeb) Importer(815301076,1909f56bfc062723c751e8b465ee728b)
Start importing Assets/SampleSceneAssets/Materials/General/ConcreteRough_Mat.mat using Guid(2d5eb5266d7bdbf49a5a251d8dcecbeb) Importer(815301076,1909f56bfc062723c751e8b465ee728b)  -> (artifact id: '1267f56d28545139dc751a7361d46591') in 0.039531 seconds 
  Import took 0.047260 seconds .

========================================================================
Received Import Request.
  Time since last request: 0.000332 seconds.
  path: Assets/SampleSceneAssets/Materials/General/Decal_Mat.mat
  artifactKey: Guid(811cfb822fc52b94997d2481839de2fe) Importer(815301076,1909f56bfc062723c751e8b465ee728b)
Start importing Assets/SampleSceneAssets/Materials/General/Decal_Mat.mat using Guid(811cfb822fc52b94997d2481839de2fe) Importer(815301076,1909f56bfc062723c751e8b465ee728b)  -> (artifact id: '4990c137c61e34e7cb784962fec672f8') in 0.032341 seconds 
  Import took 0.040639 seconds .

========================================================================
Received Import Request.
  Time since last request: 28.618955 seconds.
  path: Assets/HDRPDefaultResources/DefaultHDRISky.exr
  artifactKey: Guid(54a3a0570aebe8949bec4966f1376581) Importer(815301076,1909f56bfc062723c751e8b465ee728b)
Start importing Assets/HDRPDefaultResources/DefaultHDRISky.exr using Guid(54a3a0570aebe8949bec4966f1376581) Importer(815301076,1909f56bfc062723c751e8b465ee728b)  -> (artifact id: '1b574980b9275bed72a46f0a1c39b55a') in 0.032078 seconds 
  Import took 0.039470 seconds .

========================================================================
Received Import Request.
  Time since last request: 0.000289 seconds.
  path: Assets/HDRPDefaultResources/DefaultVFXResources.asset
  artifactKey: Guid(145290c901d58b343bdeb3b4362c9ff2) Importer(815301076,1909f56bfc062723c751e8b465ee728b)
Start importing Assets/HDRPDefaultResources/DefaultVFXResources.asset using Guid(145290c901d58b343bdeb3b4362c9ff2) Importer(815301076,1909f56bfc062723c751e8b465ee728b)  -> (artifact id: '1b83f9103a18d73c743ecab2e8f50a74') in 0.031109 seconds 
  Import took 0.038067 seconds .

========================================================================
Received Import Request.
  Time since last request: 0.000335 seconds.
  path: Assets/HDRPDefaultResources/DefaultHDRPAsset.asset
  artifactKey: Guid(e93c35b24eb03c74284e7dc0b755bfcc) Importer(815301076,1909f56bfc062723c751e8b465ee728b)
Start importing Assets/HDRPDefaultResources/DefaultHDRPAsset.asset using Guid(e93c35b24eb03c74284e7dc0b755bfcc) Importer(815301076,1909f56bfc062723c751e8b465ee728b)  -> (artifact id: '5b2c38c78ddf2d9e63285832b6658451') in 0.009248 seconds 
  Import took 0.018624 seconds .

========================================================================
Received Import Request.
  Time since last request: 0.000341 seconds.
  path: Assets/HDRPDefaultResources/DefaultSceneRoot.prefab
  artifactKey: Guid(2bfa7b9d63fa79e4abdc033f54a868d2) Importer(815301076,1909f56bfc062723c751e8b465ee728b)
Start importing Assets/HDRPDefaultResources/DefaultSceneRoot.prefab using Guid(2bfa7b9d63fa79e4abdc033f54a868d2) Importer(815301076,1909f56bfc062723c751e8b465ee728b)  -> (artifact id: 'fadf438fd66fbec4819a9f4ca8a5d24e') in 0.025425 seconds 
  Import took 0.032436 seconds .

========================================================================
Received Prepare
Registering precompiled user dll's ...
Registered in 0.003659 seconds.
Begin MonoManager ReloadAssembly
Native extension for WindowsStandalone target not found
Refreshing native plugins compatible for Editor in 0.76 ms, found 2 plugins.
Preloading 0 native plugins for Editor in 0.00 ms.
Mono: successfully reloaded assembly
- Completed reload, in  1.875 seconds
Domain Reload Profiling:
	ReloadAssembly (1876ms)
		BeginReloadAssembly (213ms)
			ExecutionOrderSort (0ms)
			DisableScriptedObjects (35ms)
			BackupInstance (0ms)
			ReleaseScriptingObjects (0ms)
			CreateAndSetChildDomain (60ms)
		EndReloadAssembly (1585ms)
			LoadAssemblies (110ms)
			RebuildTransferFunctionScriptingTraits (0ms)
			SetupTypeCache (618ms)
			ReleaseScriptCaches (2ms)
			RebuildScriptCaches (92ms)
			SetupLoadedEditorAssemblies (456ms)
				LogAssemblyErrors (0ms)
				InitializePlatformSupportModulesInManaged (5ms)
				SetLoadedEditorAssemblies (0ms)
				RefreshPlugins (1ms)
				BeforeProcessingInitializeOnLoad (113ms)
				ProcessInitializeOnLoadAttributes (321ms)
				ProcessInitializeOnLoadMethodAttributes (8ms)
				AfterProcessingInitializeOnLoad (8ms)
				EditorAssembliesLoaded (0ms)
			ExecutionOrderSort2 (0ms)
			AwakeInstancesAfterBackupRestoration (10ms)
Platform modules already initialized, skipping
Refreshing native plugins compatible for Editor in 0.88 ms, found 2 plugins.
Preloading 0 native plugins for Editor in 0.00 ms.
Unloading 3814 Unused Serialized files (Serialized files now loaded: 0)
System memory in use before: 194.2 MB.
System memory in use after: 194.5 MB.

Unloading 14 unused Assets to reduce memory usage. Loaded Objects now: 4709.
Total: 5.096600 ms (FindLiveObjects: 0.408300 ms CreateObjectMapping: 0.239000 ms MarkObjects: 4.130400 ms  DeleteObjects: 0.317600 ms)

AssetImportParameters requested are different than current active one (requested -> active):
  custom:framework-win-MediaFoundation: 216162199b28c13a410421893ffa2e32 -> 
  custom:video-decoder-ogg-theora: a1e56fd34408186e4bbccfd4996cb3dc -> 
  custom:container-muxer-webm: aa71ff27fc2769a1b78a27578f13a17b -> 
  custom:container-demuxer-webm: 4f35f7cbe854078d1ac9338744f61a02 -> 
  custom:container-demuxer-ogg: 62fdf1f143b41e24485cea50d1cbac27 -> 
  custom:video-encoder-webm-vp8: eb34c28f22e8b96e1ab97ce403110664 -> 
  custom:video-decoder-webm-vp8: 9c59270c3fd7afecdb556c50c9e8de78 -> 
  custom:audio-decoder-ogg-vorbis: bf7c407c2cedff20999df2af8eb42d56 -> 
  custom:audio-encoder-webm-vorbis: bf7c407c2cedff20999df2af8eb42d56 -> 
========================================================================
Received Prepare
Trying to reload asset but can't find object on disk
Trying to reload asset but can't find object on disk
Trying to reload asset but can't find object on disk
Trying to reload asset but can't find object on disk
Trying to reload asset but can't find object on disk
Trying to reload asset but can't find object on disk
Trying to reload asset but can't find object on disk
Trying to reload asset but can't find object on disk
Trying to reload asset but can't find object on disk
Trying to reload asset but can't find object on disk
Trying to reload asset but can't find object on disk
Trying to reload asset but can't find object on disk
Trying to reload asset but can't find object on disk
Trying to reload asset but can't find object on disk
Trying to reload asset but can't find object on disk
Trying to reload asset but can't find object on disk
Trying to reload asset but can't find object on disk
Trying to reload asset but can't find object on disk
Registering precompiled user dll's ...
Registered in 0.002814 seconds.
Begin MonoManager ReloadAssembly
Native extension for WindowsStandalone target not found
Refreshing native plugins compatible for Editor in 32.37 ms, found 2 plugins.
Preloading 0 native plugins for Editor in 0.00 ms.
Mono: successfully reloaded assembly
- Completed reload, in  1.113 seconds
Domain Reload Profiling:
	ReloadAssembly (1114ms)
		BeginReloadAssembly (137ms)
			ExecutionOrderSort (0ms)
			DisableScriptedObjects (5ms)
			BackupInstance (0ms)
			ReleaseScriptingObjects (0ms)
			CreateAndSetChildDomain (42ms)
		EndReloadAssembly (900ms)
			LoadAssemblies (91ms)
			RebuildTransferFunctionScriptingTraits (0ms)
			SetupTypeCache (305ms)
			ReleaseScriptCaches (2ms)
			RebuildScriptCaches (41ms)
			SetupLoadedEditorAssemblies (317ms)
				LogAssemblyErrors (0ms)
				InitializePlatformSupportModulesInManaged (4ms)
				SetLoadedEditorAssemblies (0ms)
				RefreshPlugins (33ms)
				BeforeProcessingInitializeOnLoad (77ms)
				ProcessInitializeOnLoadAttributes (190ms)
				ProcessInitializeOnLoadMethodAttributes (4ms)
				AfterProcessingInitializeOnLoad (8ms)
				EditorAssembliesLoaded (0ms)
			ExecutionOrderSort2 (0ms)
			AwakeInstancesAfterBackupRestoration (8ms)
Platform modules already initialized, skipping
Switching render pipeline e93c35b24eb03c74284e7dc0b755bfcc -> 00000000000000000000000000000000
Refreshing native plugins compatible for Editor in 0.35 ms, found 2 plugins.
Preloading 0 native plugins for Editor in 0.00 ms.
Unloading 1394 Unused Serialized files (Serialized files now loaded: 0)
System memory in use before: 138.7 MB.
System memory in use after: 116.0 MB.

Unloading 1008 unused Assets to reduce memory usage. Loaded Objects now: 3716.
Total: 8.821600 ms (FindLiveObjects: 0.434400 ms CreateObjectMapping: 0.255000 ms MarkObjects: 3.044200 ms  DeleteObjects: 5.086500 ms)

AssetImportParameters requested are different than current active one (requested -> active):
  custom:framework-win-MediaFoundation: 216162199b28c13a410421893ffa2e32 -> 
  custom:video-decoder-ogg-theora: a1e56fd34408186e4bbccfd4996cb3dc -> 
  custom:container-muxer-webm: aa71ff27fc2769a1b78a27578f13a17b -> 
  custom:container-demuxer-webm: 4f35f7cbe854078d1ac9338744f61a02 -> 
  custom:container-demuxer-ogg: 62fdf1f143b41e24485cea50d1cbac27 -> 
  custom:video-encoder-webm-vp8: eb34c28f22e8b96e1ab97ce403110664 -> 
  custom:video-decoder-webm-vp8: 9c59270c3fd7afecdb556c50c9e8de78 -> 
  custom:audio-decoder-ogg-vorbis: bf7c407c2cedff20999df2af8eb42d56 -> 
  custom:audio-encoder-webm-vorbis: bf7c407c2cedff20999df2af8eb42d56 -> 
AssetImportWorkerClient::OnTransportError - code=2 error=End of file
